<?xml version="1.0" encoding="UTF-8"?>
<!-- Generated by org.testng.reporters.JUnitReportReporter -->
<testsuite hostname="DESKTOP-ECEJMBQ" failures="0" tests="4" name="api.test.UserTests" time="10.204" errors="0" timestamp="13 Aug 2023 16:00:53 GMT" skipped="0">
  <testcase classname="api.test.UserTests" name="testPostUser" time="4.965"/>
  <testcase classname="api.test.UserTests" name="testGetUserByName" time="1.370"/>
  <testcase classname="api.test.UserTests" name="testUpdateUserByName" time="2.602"/>
  <testcase classname="api.test.UserTests" name="testDeleteUserByName" time="1.267"/>
</testsuite> <!-- api.test.UserTests -->
